Removed Pin From Net: NetName=USB_N Pin=J1-2
Removed Pin From Net: NetName=USB_P Pin=J1-3
Removed Pin From Net: NetName=USB_P Pin=U2-15
Removed Pin From Net: NetName=USB_N Pin=U2-16
Removed Pin From Net: NetName=USB_N Pin=U3-1
Removed Pin From Net: NetName=USB_P Pin=U3-3
Removed Pin From Net: NetName=USB_P Pin=U3-4
Removed Pin From Net: NetName=USB_N Pin=U3-6
Added Pin To Net: NetName=NetJ1_2 Pin=J1-2
Added Pin To Net: NetName=NetJ1_2 Pin=U3-1
Added Net: Name=NetJ1_2
Added Pin To Net: NetName=NetJ1_3 Pin=J1-3
Added Pin To Net: NetName=NetJ1_3 Pin=U3-3
Added Net: Name=NetJ1_3
Added Pin To Net: NetName=NetU2_15 Pin=U2-15
Added Pin To Net: NetName=NetU2_15 Pin=U3-4
Added Net: Name=NetU2_15
Added Pin To Net: NetName=NetU2_16 Pin=U2-16
Added Pin To Net: NetName=NetU2_16 Pin=U3-6
Added Net: Name=NetU2_16
