Removed Member From Class: ClassName=[05] - RTC Member=D6
Added Pin To Net: NetName=NetD5_1 Pin=D5-1
Added Pin To Net: NetName=NetD5_1 Pin=R6-1
Added Net: Name=NetD5_1
Added Member To Class: ClassName=[04] - CC2538+CC2592 Member=Component C1 22uF
Added Member To Class: ClassName=[04] - CC2538+CC2592 Member=Component C2 1uF
Added Member To Class: ClassName=[04] - CC2538+CC2592 Member=Component C3 100nF
Added Member To Class: ClassName=[04] - CC2538+CC2592 Member=Component C4 1uF
Added Member To Class: ClassName=[04] - CC2538+CC2592 Member=Component C5 100nF
Added Member To Class: ClassName=[04] - CC2538+CC2592 Member=Component C6 100nF
Added Member To Class: ClassName=[04] - CC2538+CC2592 Member=Component C7 100nF
Added Member To Class: ClassName=[04] - CC2538+CC2592 Member=Component C8 4.7uF
Added Member To Class: ClassName=[04] - CC2538+CC2592 Member=Component C9 100nF
Added Member To Class: ClassName=[04] - CC2538+CC2592 Member=Component C10 4.7uF
Added Member To Class: ClassName=[04] - CC2538+CC2592 Member=Component C11 100nF
Added Member To Class: ClassName=[04] - CC2538+CC2592 Member=Component C12 1uF
Added Member To Class: ClassName=[04] - CC2538+CC2592 Member=Component C13 22uF
Added Member To Class: ClassName=[04] - CC2538+CC2592 Member=Component C14 22uF
Added Member To Class: ClassName=[04] - CC2538+CC2592 Member=Component C15 100nF
Added Member To Class: ClassName=[04] - CC2538+CC2592 Member=Component C16 100nF
Added Member To Class: ClassName=[04] - CC2538+CC2592 Member=Component C17 100nF
Added Member To Class: ClassName=[04] - CC2538+CC2592 Member=Component C18 1uF
Added Member To Class: ClassName=[04] - CC2538+CC2592 Member=Component C19 100nF
Added Member To Class: ClassName=[05] - RTC Member=Component C22 1uF
Added Member To Class: ClassName=[05] - RTC Member=Component C23 1uF
Added Member To Class: ClassName=[04] - CC2538+CC2592 Member=Component D1 D Schottky
Added Member To Class: ClassName=[04] - CC2538+CC2592 Member=Component D2 LED SMD
Added Member To Class: ClassName=[04] - CC2538+CC2592 Member=Component D3 LED SMD
Added Member To Class: ClassName=[04] - CC2538+CC2592 Member=Component D4 LED SMD
Added Member To Class: ClassName=[04] - CC2538+CC2592 Member=Component D5 LED SMD
Added Member To Class: ClassName=[04] - CC2538+CC2592 Member=Component D7 GREEN LED
Added Member To Class: ClassName=[04] - CC2538+CC2592 Member=Component D8 RED LED
Added Member To Class: ClassName=[04] - CC2538+CC2592 Member=Component D9 BLUE LED
Added Member To Class: ClassName=[04] - CC2538+CC2592 Member=Component D10 PINK LED
Added Member To Class: ClassName=[04] - CC2538+CC2592 Member=Component F1 6V 500mA
Added Member To Class: ClassName=[04] - CC2538+CC2592 Member=Component H1 Tooling Hole 3mm
Added Member To Class: ClassName=[04] - CC2538+CC2592 Member=Component H2 Tooling Hole 3mm
Added Member To Class: ClassName=[04] - CC2538+CC2592 Member=Component H3 Tooling Hole 3mm
Added Member To Class: ClassName=[04] - CC2538+CC2592 Member=Component H4 Tooling Hole 3mm
Added Member To Class: ClassName=[04] - CC2538+CC2592 Member=Component J1 629105150521
Added Member To Class: ClassName=[04] - CC2538+CC2592 Member=Component J2 JST 1x2
Added Member To Class: ClassName=[04] - CC2538+CC2592 Member=Component JDC1 Jack DC
Added Member To Class: ClassName=[04] - CC2538+CC2592 Member=Component JP1 Jumper
Added Member To Class: ClassName=[04] - CC2538+CC2592 Member=Component JP2 JP 1x5 2.54
Added Member To Class: ClassName=[04] - CC2538+CC2592 Member=Component JP3 JP 1x4 2.54
Added Member To Class: ClassName=[04] - CC2538+CC2592 Member=Component JP4 JP 2x4 2.54
Added Member To Class: ClassName=[04] - CC2538+CC2592 Member=Component JP5 Jumper
Added Member To Class: ClassName=[04] - CC2538+CC2592 Member=Component JP6 JP 2x8 2.54
Added Member To Class: ClassName=[04] - CC2538+CC2592 Member=Component JP7 JP 2x8 2.54
Added Member To Class: ClassName=[04] - CC2538+CC2592 Member=Component L1 22µH
Added Member To Class: ClassName=[04] - CC2538+CC2592 Member=Component P1 62701021621
Added Member To Class: ClassName=[04] - CC2538+CC2592 Member=Component R1 10k
Added Member To Class: ClassName=[04] - CC2538+CC2592 Member=Component R2 10k
Added Member To Class: ClassName=[04] - CC2538+CC2592 Member=Component R3 2.5k
Added Member To Class: ClassName=[04] - CC2538+CC2592 Member=Component R4 2.5k
Added Member To Class: ClassName=[04] - CC2538+CC2592 Member=Component R5 2.5k
Added Member To Class: ClassName=[04] - CC2538+CC2592 Member=Component R6 5.6k
Added Member To Class: ClassName=[04] - CC2538+CC2592 Member=Component R7 22k
Added Member To Class: ClassName=[04] - CC2538+CC2592 Member=Component R8 3k
Added Member To Class: ClassName=[04] - CC2538+CC2592 Member=Component R9 1k
Added Member To Class: ClassName=[04] - CC2538+CC2592 Member=Component R10 1k
Added Member To Class: ClassName=[04] - CC2538+CC2592 Member=Component R11 0
Added Member To Class: ClassName=[04] - CC2538+CC2592 Member=Component R12 0
Added Member To Class: ClassName=[04] - CC2538+CC2592 Member=Component R13 220
Added Member To Class: ClassName=[04] - CC2538+CC2592 Member=Component R14 1k
Added Member To Class: ClassName=[04] - CC2538+CC2592 Member=Component R15 10k
Added Member To Class: ClassName=[04] - CC2538+CC2592 Member=Component R16 220
Added Member To Class: ClassName=[04] - CC2538+CC2592 Member=Component R17 1k
Added Member To Class: ClassName=[04] - CC2538+CC2592 Member=Component R18 10k
Added Member To Class: ClassName=[04] - CC2538+CC2592 Member=Component R19 1k
Added Member To Class: ClassName=[04] - CC2538+CC2592 Member=Component R20 220
Added Member To Class: ClassName=[04] - CC2538+CC2592 Member=Component R21 1k
Added Member To Class: ClassName=[05] - RTC Member=Component R24 4.7k
Added Member To Class: ClassName=[05] - RTC Member=Component R25 4.7k
Added Member To Class: ClassName=[04] - CC2538+CC2592 Member=Component S1 Tactile_Switch_4.2x3.3mm
Added Member To Class: ClassName=[04] - CC2538+CC2592 Member=Component S2 Tactile_Switch_4.2x3.3mm
Added Member To Class: ClassName=[04] - CC2538+CC2592 Member=Component S3 Tactile_Switch_6x6
Added Member To Class: ClassName=[04] - CC2538+CC2592 Member=Component S4 Tactile_Switch_6x6
Added Member To Class: ClassName=[04] - CC2538+CC2592 Member=Component SW1 SS-12D10
Added Member To Class: ClassName=[04] - CC2538+CC2592 Member=Component TP1 Test_Point
Added Member To Class: ClassName=[04] - CC2538+CC2592 Member=Component TP2 Test_Point
Added Member To Class: ClassName=[04] - CC2538+CC2592 Member=Component TP3 Test_Point
Added Member To Class: ClassName=[04] - CC2538+CC2592 Member=Component U1 AMS1117-3.3V
Added Member To Class: ClassName=[04] - CC2538+CC2592 Member=Component U2 INTERFACE-FT232RL(SSOP28)
Added Member To Class: ClassName=[04] - CC2538+CC2592 Member=Component U3 USBLC6-2SC6
Added Member To Class: ClassName=[04] - CC2538+CC2592 Member=Component U4 MT3608
Added Member To Class: ClassName=[04] - CC2538+CC2592 Member=Component U5 CC253+CC2592
Added Member To Class: ClassName=[05] - RTC Member=Component U7 DS3231MZ+
